<!DOCTYPE html PUBLIC "-//W3C//DTD XHTML 1.1//EN" "https://www.w3.org/TR/xhtml11/DTD/xhtml11.dtd">
<html xmlns="https://www.w3.org/1999/xhtml">
<head>
<meta http-equiv="content-type" content="text/html; charset=UTF-8"/>
<title>TestNG Report</title>
<style type="text/css">table {margin-bottom:10px;border-collapse:collapse;empty-cells:show}th,td {border:1px solid #009;padding:.25em .5em}th {vertical-align:bottom}td {vertical-align:top}table a {font-weight:bold}.stripe td {background-color: #E6EBF9}.num {text-align:right}.passedodd td {background-color: #3F3}.passedeven td {background-color: #0A0}.skippedodd td {background-color: #DDD}.skippedeven td {background-color: #CCC}.failedodd td,.attn {background-color: #F33}.failedeven td,.stripe .attn {background-color: #D00}.stacktrace {white-space:pre;font-family:monospace}.totop {font-size:85%;text-align:center;border-bottom:2px solid #000}.invisible {display:none}</style>
</head>
<body>
<table>
<tr><th>Test</th><th># Passed</th><th># Skipped</th><th># Retried</th><th># Failed</th><th>Time (ms)</th><th>Included Groups</th><th>Excluded Groups</th></tr>
<tr><th colspan="8">nopCommerce Test Suite</th></tr>
<tr><td><a href="#t0">Login Tests</a></td><td class="num">5</td><td class="num">0</td><td class="num">0</td><td class="num">0</td><td class="num">35,701</td><td></td><td></td></tr>
<tr class="stripe"><td><a href="#t1">Products Tests</a></td><td class="num">0</td><td class="num attn">2</td><td class="num">0</td><td class="num attn">4</td><td class="num">251,954</td><td></td><td></td></tr>
<tr><th>Total</th><th class="num">5</th><th class="num attn">2</th><th class="num">0</th><th class="num attn">4</th><th class="num">287,655</th><th colspan="2"></th></tr>
</table>
<table id='summary'><thead><tr><th>Class</th><th>Method</th><th>Start</th><th>Time (ms)</th></tr></thead><tbody><tr><th colspan="4">nopCommerce Test Suite</th></tr></tbody><tbody id="t0"><tr><th colspan="4">Login Tests &#8212; passed</th></tr><tr class="passedeven"><td rowspan="4">org.apache.maven.archetypes.nopcommerceApp.DDTestLogin</td><td><a href="#m0">ddt_test_login</a></td><td rowspan="4">1607787257349</td><td rowspan="4">496</td></tr><tr class="passedeven"><td><a href="#m1">ddt_test_login</a></td></tr><tr class="passedeven"><td><a href="#m2">ddt_test_login</a></td></tr><tr class="passedeven"><td><a href="#m3">ddt_test_login</a></td></tr><tr class="passedodd"><td rowspan="1">org.apache.maven.archetypes.nopcommerceApp.TestLogin</td><td><a href="#m4">test_login</a></td><td rowspan="1">1607787238849</td><td rowspan="1">7</td></tr></tbody>
<tbody id="t1"><tr><th colspan="4">Products Tests &#8212; failed (configuration methods)</th></tr><tr class="failedeven"><td rowspan="1">org.apache.maven.archetypes.nopcommerceApp.TestAddProduct</td><td><a href="#m5">beforeMethod</a></td><td rowspan="1">1607787270958</td><td rowspan="1">19063</td></tr><tr class="failedodd"><td rowspan="1">org.apache.maven.archetypes.nopcommerceApp.TestSearchProductByType</td><td><a href="#m6">beforeClass</a></td><td rowspan="1">1607787393488</td><td rowspan="1">19429</td></tr><tr><th colspan="4">Products Tests &#8212; failed</th></tr><tr class="failedeven"><td rowspan="1">org.apache.maven.archetypes.nopcommerceApp.ClearAllProductsTest</td><td><a href="#m7">test_IfAllTheChosenProductsCanBeDeletedWhenPressingDeleteButton</a></td><td rowspan="1">1607787494301</td><td rowspan="1">15604</td></tr><tr class="failedodd"><td rowspan="1">org.apache.maven.archetypes.nopcommerceApp.TestDeleteSearchedProduct</td><td><a href="#m8">test_IfSearchedProductWasDeletedAfterPressingDeleteButton</a></td><td rowspan="1">1607787459909</td><td rowspan="1">15469</td></tr><tr class="failedeven"><td rowspan="1">org.apache.maven.archetypes.nopcommerceApp.TestEditSearchedProduct</td><td><a href="#m9">test_ifTheSearchedProductUpdatedAfterEditing</a></td><td rowspan="1">1607787425007</td><td rowspan="1">15575</td></tr><tr class="failedodd"><td rowspan="1">org.apache.maven.archetypes.nopcommerceApp.TestSearchProductByName</td><td><a href="#m10">test_searchByProductName</a></td><td rowspan="1">1607787301443</td><td rowspan="1">75689</td></tr><tr><th colspan="4">Products Tests &#8212; skipped (configuration methods)</th></tr><tr class="skippedeven"><td rowspan="2">org.apache.maven.archetypes.nopcommerceApp.TestAddProduct</td><td><a href="#m11">afterMethod</a></td><td rowspan="1">1607787290032</td><td rowspan="1">-1607787290032</td></tr><tr class="skippedeven"><td><a href="#m12">tearDown</a></td><td rowspan="1">1607787290033</td><td rowspan="1">-1607787290033</td></tr><tr class="skippedodd"><td rowspan="2">org.apache.maven.archetypes.nopcommerceApp.TestSearchProductByType</td><td><a href="#m13">afterMethod</a></td><td rowspan="1">1607787412920</td><td rowspan="1">-1607787412920</td></tr><tr class="skippedodd"><td><a href="#m14">tearDown</a></td><td rowspan="1">1607787412921</td><td rowspan="1">-1607787412921</td></tr><tr><th colspan="4">Products Tests &#8212; skipped</th></tr><tr class="skippedeven"><td rowspan="1">org.apache.maven.archetypes.nopcommerceApp.TestAddProduct</td><td><a href="#m15">test_AddProduct</a></td><td rowspan="1">1607787290027</td><td rowspan="1">0</td></tr><tr class="skippedodd"><td rowspan="1">org.apache.maven.archetypes.nopcommerceApp.TestSearchProductByType</td><td><a href="#m16">test_searchProductByType</a></td><td rowspan="1">1607787412919</td><td rowspan="1">0</td></tr></tbody>
</table>
<h2>Login Tests</h2><h3 id="m0">org.apache.maven.archetypes.nopcommerceApp.DDTestLogin#ddt_test_login</h3><table class="result"><tr class="param"><th>Parameter #1</th></tr><tr class="param stripe"><td>adm@yourstore.com,adm,Fail</td></tr></table><p class="totop"><a href="#summary">back to summary</a></p>
<h3 id="m1">org.apache.maven.archetypes.nopcommerceApp.DDTestLogin#ddt_test_login</h3><table class="result"><tr class="param"><th>Parameter #1</th></tr><tr class="param stripe"><td>admin@yourstore.com,admin,Pass</td></tr></table><p class="totop"><a href="#summary">back to summary</a></p>
<h3 id="m2">org.apache.maven.archetypes.nopcommerceApp.DDTestLogin#ddt_test_login</h3><table class="result"><tr class="param"><th>Parameter #1</th></tr><tr class="param stripe"><td>admin@yourstore.com,adm,Fail</td></tr></table><p class="totop"><a href="#summary">back to summary</a></p>
<h3 id="m3">org.apache.maven.archetypes.nopcommerceApp.DDTestLogin#ddt_test_login</h3><table class="result"><tr class="param"><th>Parameter #1</th></tr><tr class="param stripe"><td>adm@yourstore.com,admin,Fail</td></tr></table><p class="totop"><a href="#summary">back to summary</a></p>
<h3 id="m4">org.apache.maven.archetypes.nopcommerceApp.TestLogin#test_login</h3><table class="result"><tr><th class="invisible"/></tr></table><p class="totop"><a href="#summary">back to summary</a></p>
<h2>Products Tests</h2><h3 id="m5">org.apache.maven.archetypes.nopcommerceApp.TestAddProduct#beforeMethod</h3><table class="result"><tr><th>Exception</th></tr><tr><td><div class="stacktrace">org.openqa.selenium.TimeoutException: Expected condition failed: waiting for element to be clickable: [[ChromeDriver: chrome on WINDOWS (158bb8a968c8be0c9fe416bd4ed37f56)] -&gt; xpath: //span[@class=&apos;menu-item-title&apos;][text()=&apos;Products&apos;]] (tried for 15 second(s) with 500 milliseconds interval)
Build info: version: &apos;3.141.59&apos;, revision: &apos;e82be7d358&apos;, time: &apos;2018-11-14T08:17:03&apos;
System info: host: &apos;DESKTOP-M2RIIBP&apos;, ip: &apos;10.0.0.5&apos;, os.name: &apos;Windows 10&apos;, os.arch: &apos;amd64&apos;, os.version: &apos;10.0&apos;, java.version: &apos;1.8.0_261&apos;
Driver info: org.openqa.selenium.chrome.ChromeDriver
Capabilities {acceptInsecureCerts: false, browserName: chrome, browserVersion: 87.0.4280.88, chrome: {chromedriverVersion: 86.0.4240.22 (398b0743353ff..., userDataDir: C:\Users\edisa\AppData\Loca...}, goog:chromeOptions: {debuggerAddress: localhost:51896}, javascriptEnabled: true, networkConnectionEnabled: false, pageLoadStrategy: normal, platform: WINDOWS, platformName: WINDOWS, proxy: Proxy(), setWindowRect: true, strictFileInteractability: false, timeouts: {implicit: 0, pageLoad: 300000, script: 30000}, unhandledPromptBehavior: dismiss and notify, webauthn:virtualAuthenticators: true}
Session ID: 158bb8a968c8be0c9fe416bd4ed37f56
	at org.openqa.selenium.support.ui.WebDriverWait.timeoutException(WebDriverWait.java:95)
	at org.openqa.selenium.support.ui.FluentWait.until(FluentWait.java:272)
	at pageObjects.AddProduct.clickLnkProducts(AddProduct.java:130)
	at org.apache.maven.archetypes.nopcommerceApp.TestAddProduct.beforeMethod(TestAddProduct.java:118)
	at java.util.ArrayList.forEach(Unknown Source)
... Removed 31 stack frames</div></td></tr></table><p class="totop"><a href="#summary">back to summary</a></p>
<h3 id="m6">org.apache.maven.archetypes.nopcommerceApp.TestSearchProductByType#beforeClass</h3><table class="result"><tr><th>Exception</th></tr><tr><td><div class="stacktrace">org.openqa.selenium.TimeoutException: Expected condition failed: waiting for element to be clickable: [[ChromeDriver: chrome on WINDOWS (adffcda62787b71ef986ef98a5379c72)] -&gt; xpath: //span[@class=&apos;menu-item-title&apos;][text()=&apos;Products&apos;]] (tried for 15 second(s) with 500 milliseconds interval)
Build info: version: &apos;3.141.59&apos;, revision: &apos;e82be7d358&apos;, time: &apos;2018-11-14T08:17:03&apos;
System info: host: &apos;DESKTOP-M2RIIBP&apos;, ip: &apos;10.0.0.5&apos;, os.name: &apos;Windows 10&apos;, os.arch: &apos;amd64&apos;, os.version: &apos;10.0&apos;, java.version: &apos;1.8.0_261&apos;
Driver info: org.openqa.selenium.chrome.ChromeDriver
Capabilities {acceptInsecureCerts: false, browserName: chrome, browserVersion: 87.0.4280.88, chrome: {chromedriverVersion: 86.0.4240.22 (398b0743353ff..., userDataDir: C:\Users\edisa\AppData\Loca...}, goog:chromeOptions: {debuggerAddress: localhost:51977}, javascriptEnabled: true, networkConnectionEnabled: false, pageLoadStrategy: normal, platform: WINDOWS, platformName: WINDOWS, proxy: Proxy(), setWindowRect: true, strictFileInteractability: false, timeouts: {implicit: 0, pageLoad: 300000, script: 30000}, unhandledPromptBehavior: dismiss and notify, webauthn:virtualAuthenticators: true}
Session ID: adffcda62787b71ef986ef98a5379c72
	at org.openqa.selenium.support.ui.WebDriverWait.timeoutException(WebDriverWait.java:95)
	at org.openqa.selenium.support.ui.FluentWait.until(FluentWait.java:272)
	at pageObjects.SearchProduct.clickLnkProducts(SearchProduct.java:107)
	at org.apache.maven.archetypes.nopcommerceApp.TestSearchProductByType.beforeClass(TestSearchProductByType.java:63)
	at java.util.ArrayList.forEach(Unknown Source)
... Removed 25 stack frames</div></td></tr></table><p class="totop"><a href="#summary">back to summary</a></p>
<h3 id="m7">org.apache.maven.archetypes.nopcommerceApp.ClearAllProductsTest#test_IfAllTheChosenProductsCanBeDeletedWhenPressingDeleteButton</h3><table class="result"><tr><th>Exception</th></tr><tr><td><div class="stacktrace">org.openqa.selenium.TimeoutException: Expected condition failed: waiting for element to be clickable: [[ChromeDriver: chrome on WINDOWS (1256fca7aa89ba083ce8b14e708e8092)] -&gt; xpath: //span[@class=&apos;menu-item-title&apos;][text()=&apos;Products&apos;]] (tried for 15 second(s) with 500 milliseconds interval)
Build info: version: &apos;3.141.59&apos;, revision: &apos;e82be7d358&apos;, time: &apos;2018-11-14T08:17:03&apos;
System info: host: &apos;DESKTOP-M2RIIBP&apos;, ip: &apos;10.0.0.5&apos;, os.name: &apos;Windows 10&apos;, os.arch: &apos;amd64&apos;, os.version: &apos;10.0&apos;, java.version: &apos;1.8.0_261&apos;
Driver info: org.openqa.selenium.chrome.ChromeDriver
Capabilities {acceptInsecureCerts: false, browserName: chrome, browserVersion: 87.0.4280.88, chrome: {chromedriverVersion: 86.0.4240.22 (398b0743353ff..., userDataDir: C:\Users\edisa\AppData\Loca...}, goog:chromeOptions: {debuggerAddress: localhost:52050}, javascriptEnabled: true, networkConnectionEnabled: false, pageLoadStrategy: normal, platform: WINDOWS, platformName: WINDOWS, proxy: Proxy(), setWindowRect: true, strictFileInteractability: false, timeouts: {implicit: 0, pageLoad: 300000, script: 30000}, unhandledPromptBehavior: dismiss and notify, webauthn:virtualAuthenticators: true}
Session ID: 1256fca7aa89ba083ce8b14e708e8092
	at org.openqa.selenium.support.ui.WebDriverWait.timeoutException(WebDriverWait.java:95)
	at org.openqa.selenium.support.ui.FluentWait.until(FluentWait.java:272)
	at pageObjects.SearchProduct.clickLnkProducts(SearchProduct.java:107)
	at org.apache.maven.archetypes.nopcommerceApp.ClearAllProductsTest.test_IfAllTheChosenProductsCanBeDeletedWhenPressingDeleteButton(ClearAllProductsTest.java:25)
	at java.util.ArrayList.forEach(Unknown Source)
... Removed 27 stack frames</div></td></tr></table><p class="totop"><a href="#summary">back to summary</a></p>
<h3 id="m8">org.apache.maven.archetypes.nopcommerceApp.TestDeleteSearchedProduct#test_IfSearchedProductWasDeletedAfterPressingDeleteButton</h3><table class="result"><tr><th>Exception</th></tr><tr><td><div class="stacktrace">org.openqa.selenium.TimeoutException: Expected condition failed: waiting for element to be clickable: [[ChromeDriver: chrome on WINDOWS (beeba0c540dbcc190689eed2eb2bf454)] -&gt; xpath: //span[@class=&apos;menu-item-title&apos;][text()=&apos;Products&apos;]] (tried for 15 second(s) with 500 milliseconds interval)
Build info: version: &apos;3.141.59&apos;, revision: &apos;e82be7d358&apos;, time: &apos;2018-11-14T08:17:03&apos;
System info: host: &apos;DESKTOP-M2RIIBP&apos;, ip: &apos;10.0.0.5&apos;, os.name: &apos;Windows 10&apos;, os.arch: &apos;amd64&apos;, os.version: &apos;10.0&apos;, java.version: &apos;1.8.0_261&apos;
Driver info: org.openqa.selenium.chrome.ChromeDriver
Capabilities {acceptInsecureCerts: false, browserName: chrome, browserVersion: 87.0.4280.88, chrome: {chromedriverVersion: 86.0.4240.22 (398b0743353ff..., userDataDir: C:\Users\edisa\AppData\Loca...}, goog:chromeOptions: {debuggerAddress: localhost:52022}, javascriptEnabled: true, networkConnectionEnabled: false, pageLoadStrategy: normal, platform: WINDOWS, platformName: WINDOWS, proxy: Proxy(), setWindowRect: true, strictFileInteractability: false, timeouts: {implicit: 0, pageLoad: 300000, script: 30000}, unhandledPromptBehavior: dismiss and notify, webauthn:virtualAuthenticators: true}
Session ID: beeba0c540dbcc190689eed2eb2bf454
	at org.openqa.selenium.support.ui.WebDriverWait.timeoutException(WebDriverWait.java:95)
	at org.openqa.selenium.support.ui.FluentWait.until(FluentWait.java:272)
	at pageObjects.SearchProduct.clickLnkProducts(SearchProduct.java:107)
	at org.apache.maven.archetypes.nopcommerceApp.TestDeleteSearchedProduct.test_IfSearchedProductWasDeletedAfterPressingDeleteButton(TestDeleteSearchedProduct.java:26)
	at java.util.ArrayList.forEach(Unknown Source)
... Removed 27 stack frames</div></td></tr></table><p class="totop"><a href="#summary">back to summary</a></p>
<h3 id="m9">org.apache.maven.archetypes.nopcommerceApp.TestEditSearchedProduct#test_ifTheSearchedProductUpdatedAfterEditing</h3><table class="result"><tr><th>Exception</th></tr><tr><td><div class="stacktrace">org.openqa.selenium.TimeoutException: Expected condition failed: waiting for element to be clickable: [[ChromeDriver: chrome on WINDOWS (4d278b61068a31cdc5eff38ad6787492)] -&gt; xpath: //span[@class=&apos;menu-item-title&apos;][text()=&apos;Products&apos;]] (tried for 15 second(s) with 500 milliseconds interval)
Build info: version: &apos;3.141.59&apos;, revision: &apos;e82be7d358&apos;, time: &apos;2018-11-14T08:17:03&apos;
System info: host: &apos;DESKTOP-M2RIIBP&apos;, ip: &apos;10.0.0.5&apos;, os.name: &apos;Windows 10&apos;, os.arch: &apos;amd64&apos;, os.version: &apos;10.0&apos;, java.version: &apos;1.8.0_261&apos;
Driver info: org.openqa.selenium.chrome.ChromeDriver
Capabilities {acceptInsecureCerts: false, browserName: chrome, browserVersion: 87.0.4280.88, chrome: {chromedriverVersion: 86.0.4240.22 (398b0743353ff..., userDataDir: C:\Users\edisa\AppData\Loca...}, goog:chromeOptions: {debuggerAddress: localhost:51996}, javascriptEnabled: true, networkConnectionEnabled: false, pageLoadStrategy: normal, platform: WINDOWS, platformName: WINDOWS, proxy: Proxy(), setWindowRect: true, strictFileInteractability: false, timeouts: {implicit: 0, pageLoad: 300000, script: 30000}, unhandledPromptBehavior: dismiss and notify, webauthn:virtualAuthenticators: true}
Session ID: 4d278b61068a31cdc5eff38ad6787492
	at org.openqa.selenium.support.ui.WebDriverWait.timeoutException(WebDriverWait.java:95)
	at org.openqa.selenium.support.ui.FluentWait.until(FluentWait.java:272)
	at pageObjects.SearchProduct.clickLnkProducts(SearchProduct.java:107)
	at org.apache.maven.archetypes.nopcommerceApp.TestEditSearchedProduct.test_ifTheSearchedProductUpdatedAfterEditing(TestEditSearchedProduct.java:29)
	at java.util.ArrayList.forEach(Unknown Source)
... Removed 27 stack frames</div></td></tr></table><p class="totop"><a href="#summary">back to summary</a></p>
<h3 id="m10">org.apache.maven.archetypes.nopcommerceApp.TestSearchProductByName#test_searchByProductName</h3><table class="result"><tr><th>Exception</th></tr><tr><td><div class="stacktrace">org.openqa.selenium.TimeoutException: timeout: Timed out receiving message from renderer: 10.000
  (Session info: chrome=87.0.4280.88)
Build info: version: &apos;3.141.59&apos;, revision: &apos;e82be7d358&apos;, time: &apos;2018-11-14T08:17:03&apos;
System info: host: &apos;DESKTOP-M2RIIBP&apos;, ip: &apos;10.0.0.5&apos;, os.name: &apos;Windows 10&apos;, os.arch: &apos;amd64&apos;, os.version: &apos;10.0&apos;, java.version: &apos;1.8.0_261&apos;
Driver info: org.openqa.selenium.chrome.ChromeDriver
Capabilities {acceptInsecureCerts: false, browserName: chrome, browserVersion: 87.0.4280.88, chrome: {chromedriverVersion: 86.0.4240.22 (398b0743353ff..., userDataDir: C:\Users\edisa\AppData\Loca...}, goog:chromeOptions: {debuggerAddress: localhost:51919}, javascriptEnabled: true, networkConnectionEnabled: false, pageLoadStrategy: normal, platform: WINDOWS, platformName: WINDOWS, proxy: Proxy(), setWindowRect: true, strictFileInteractability: false, timeouts: {implicit: 0, pageLoad: 300000, script: 30000}, unhandledPromptBehavior: dismiss and notify, webauthn:virtualAuthenticators: true}
Session ID: 4fa640eec810902d1321de23d462d47d
	at org.openqa.selenium.remote.http.W3CHttpResponseCodec.createException(W3CHttpResponseCodec.java:187)
	at org.openqa.selenium.remote.http.W3CHttpResponseCodec.decode(W3CHttpResponseCodec.java:122)
	at org.openqa.selenium.remote.http.W3CHttpResponseCodec.decode(W3CHttpResponseCodec.java:49)
	at org.openqa.selenium.remote.HttpCommandExecutor.execute(HttpCommandExecutor.java:158)
	at org.openqa.selenium.remote.service.DriverCommandExecutor.execute(DriverCommandExecutor.java:83)
	at org.openqa.selenium.remote.RemoteWebDriver.execute(RemoteWebDriver.java:552)
	at org.openqa.selenium.remote.RemoteWebDriver.execute(RemoteWebDriver.java:609)
	at org.openqa.selenium.remote.RemoteWebDriver.getScreenshotAs(RemoteWebDriver.java:295)
	at org.apache.maven.archetypes.nopcommerceApp.TestBase.captureScreen(TestBase.java:78)
	at org.apache.maven.archetypes.nopcommerceApp.TestSearchProductByName.test_searchByProductName(TestSearchProductByName.java:38)
	at java.util.ArrayList.forEach(Unknown Source)
... Removed 31 stack frames</div></td></tr></table><p class="totop"><a href="#summary">back to summary</a></p>
<h3 id="m11">org.apache.maven.archetypes.nopcommerceApp.TestAddProduct#afterMethod</h3><table class="result"><tr><th class="invisible"/></tr></table><p class="totop"><a href="#summary">back to summary</a></p>
<h3 id="m12">org.apache.maven.archetypes.nopcommerceApp.TestAddProduct#tearDown</h3><table class="result"><tr><th class="invisible"/></tr></table><p class="totop"><a href="#summary">back to summary</a></p>
<h3 id="m13">org.apache.maven.archetypes.nopcommerceApp.TestSearchProductByType#afterMethod</h3><table class="result"><tr><th class="invisible"/></tr></table><p class="totop"><a href="#summary">back to summary</a></p>
<h3 id="m14">org.apache.maven.archetypes.nopcommerceApp.TestSearchProductByType#tearDown</h3><table class="result"><tr><th class="invisible"/></tr></table><p class="totop"><a href="#summary">back to summary</a></p>
<h3 id="m15">org.apache.maven.archetypes.nopcommerceApp.TestAddProduct#test_AddProduct</h3><table class="result"><tr><th>Exception</th></tr><tr><td><div class="stacktrace">org.openqa.selenium.TimeoutException: Expected condition failed: waiting for element to be clickable: [[ChromeDriver: chrome on WINDOWS (158bb8a968c8be0c9fe416bd4ed37f56)] -&gt; xpath: //span[@class=&apos;menu-item-title&apos;][text()=&apos;Products&apos;]] (tried for 15 second(s) with 500 milliseconds interval)
Build info: version: &apos;3.141.59&apos;, revision: &apos;e82be7d358&apos;, time: &apos;2018-11-14T08:17:03&apos;
System info: host: &apos;DESKTOP-M2RIIBP&apos;, ip: &apos;10.0.0.5&apos;, os.name: &apos;Windows 10&apos;, os.arch: &apos;amd64&apos;, os.version: &apos;10.0&apos;, java.version: &apos;1.8.0_261&apos;
Driver info: org.openqa.selenium.chrome.ChromeDriver
Capabilities {acceptInsecureCerts: false, browserName: chrome, browserVersion: 87.0.4280.88, chrome: {chromedriverVersion: 86.0.4240.22 (398b0743353ff..., userDataDir: C:\Users\edisa\AppData\Loca...}, goog:chromeOptions: {debuggerAddress: localhost:51896}, javascriptEnabled: true, networkConnectionEnabled: false, pageLoadStrategy: normal, platform: WINDOWS, platformName: WINDOWS, proxy: Proxy(), setWindowRect: true, strictFileInteractability: false, timeouts: {implicit: 0, pageLoad: 300000, script: 30000}, unhandledPromptBehavior: dismiss and notify, webauthn:virtualAuthenticators: true}
Session ID: 158bb8a968c8be0c9fe416bd4ed37f56
	at org.openqa.selenium.support.ui.WebDriverWait.timeoutException(WebDriverWait.java:95)
	at org.openqa.selenium.support.ui.FluentWait.until(FluentWait.java:272)
	at pageObjects.AddProduct.clickLnkProducts(AddProduct.java:130)
	at org.apache.maven.archetypes.nopcommerceApp.TestAddProduct.beforeMethod(TestAddProduct.java:118)
	at java.util.ArrayList.forEach(Unknown Source)
... Removed 31 stack frames</div></td></tr></table><p class="totop"><a href="#summary">back to summary</a></p>
<h3 id="m16">org.apache.maven.archetypes.nopcommerceApp.TestSearchProductByType#test_searchProductByType</h3><table class="result"><tr><th>Exception</th></tr><tr><td><div class="stacktrace">org.openqa.selenium.TimeoutException: Expected condition failed: waiting for element to be clickable: [[ChromeDriver: chrome on WINDOWS (adffcda62787b71ef986ef98a5379c72)] -&gt; xpath: //span[@class=&apos;menu-item-title&apos;][text()=&apos;Products&apos;]] (tried for 15 second(s) with 500 milliseconds interval)
Build info: version: &apos;3.141.59&apos;, revision: &apos;e82be7d358&apos;, time: &apos;2018-11-14T08:17:03&apos;
System info: host: &apos;DESKTOP-M2RIIBP&apos;, ip: &apos;10.0.0.5&apos;, os.name: &apos;Windows 10&apos;, os.arch: &apos;amd64&apos;, os.version: &apos;10.0&apos;, java.version: &apos;1.8.0_261&apos;
Driver info: org.openqa.selenium.chrome.ChromeDriver
Capabilities {acceptInsecureCerts: false, browserName: chrome, browserVersion: 87.0.4280.88, chrome: {chromedriverVersion: 86.0.4240.22 (398b0743353ff..., userDataDir: C:\Users\edisa\AppData\Loca...}, goog:chromeOptions: {debuggerAddress: localhost:51977}, javascriptEnabled: true, networkConnectionEnabled: false, pageLoadStrategy: normal, platform: WINDOWS, platformName: WINDOWS, proxy: Proxy(), setWindowRect: true, strictFileInteractability: false, timeouts: {implicit: 0, pageLoad: 300000, script: 30000}, unhandledPromptBehavior: dismiss and notify, webauthn:virtualAuthenticators: true}
Session ID: adffcda62787b71ef986ef98a5379c72
	at org.openqa.selenium.support.ui.WebDriverWait.timeoutException(WebDriverWait.java:95)
	at org.openqa.selenium.support.ui.FluentWait.until(FluentWait.java:272)
	at pageObjects.SearchProduct.clickLnkProducts(SearchProduct.java:107)
	at org.apache.maven.archetypes.nopcommerceApp.TestSearchProductByType.beforeClass(TestSearchProductByType.java:63)
	at java.util.ArrayList.forEach(Unknown Source)
... Removed 25 stack frames</div></td></tr></table><p class="totop"><a href="#summary">back to summary</a></p>
</body>
</html>
