<!DOCTYPE html>

<html>
  <head>
  <meta charset='utf-8'>
  <title>TestNG reports</title>

    <link type="text/css" href="testng-reports1.css" rel="stylesheet" id="ultra" />
    <link type="text/css" href="testng-reports.css" rel="stylesheet" id="retro" disabled="false"/>
    <script type="text/javascript" src="jquery-3.4.1.min.js"></script>
    <script type="text/javascript" src="testng-reports.js"></script>
    <script type="text/javascript" src="https://www.google.com/jsapi"></script>
    <script type='text/javascript'>
      google.load('visualization', '1', {packages:['table']});
      google.setOnLoadCallback(drawTable);
      var suiteTableInitFunctions = new Array();
      var suiteTableData = new Array();
    </script>
    <!--
      <script type="text/javascript" src="jquery-ui/js/jquery-ui-1.8.16.custom.min.js"></script>
     -->
  </head>

  <body>
    <div class="top-banner-root">
      <span class="top-banner-title-font">Test results</span>
      <button class="button" id="button">Switch Retro Theme</button> <!-- button -->
      <br/>
      <span class="top-banner-font-1">1 suite, 4 failed tests</span>
    </div> <!-- top-banner-root -->
    <div class="navigator-root">
      <div class="navigator-suite-header">
        <span>All suites</span>
        <a href="#" class="collapse-all-link" title="Collapse/expand all the suites">
          <img class="collapse-all-icon" src="collapseall.gif">
          </img> <!-- collapse-all-icon -->
        </a> <!-- collapse-all-link -->
      </div> <!-- navigator-suite-header -->
      <div class="suite">
        <div class="rounded-window">
          <div class="suite-header light-rounded-window-top">
            <a href="#" class="navigator-link" panel-name="suite-nopCommerce_Test_Suite">
              <span class="suite-name border-failed">nopCommerce Test Suite</span>
            </a> <!-- navigator-link -->
          </div> <!-- suite-header light-rounded-window-top -->
          <div class="navigator-suite-content">
            <div class="suite-section-title">
              <span>Info</span>
            </div> <!-- suite-section-title -->
            <div class="suite-section-content">
              <ul>
                <li>
                  <a href="#" class="navigator-link " panel-name="test-xml-nopCommerce_Test_Suite">
                    <span>D:\Programming Languages\Java\nopcommerceApp\testng.xml</span>
                  </a> <!-- navigator-link  -->
                </li>
                <li>
                  <a href="#" class="navigator-link " panel-name="testlist-nopCommerce_Test_Suite">
                    <span class="test-stats">2 tests</span>
                  </a> <!-- navigator-link  -->
                </li>
                <li>
                  <a href="#" class="navigator-link " panel-name="group-nopCommerce_Test_Suite">
                    <span>0 groups</span>
                  </a> <!-- navigator-link  -->
                </li>
                <li>
                  <a href="#" class="navigator-link " panel-name="times-nopCommerce_Test_Suite">
                    <span>Times</span>
                  </a> <!-- navigator-link  -->
                </li>
                <li>
                  <a href="#" class="navigator-link " panel-name="reporter-nopCommerce_Test_Suite">
                    <span>Reporter output</span>
                  </a> <!-- navigator-link  -->
                </li>
                <li>
                  <a href="#" class="navigator-link " panel-name="ignored-methods-nopCommerce_Test_Suite">
                    <span>Ignored methods</span>
                  </a> <!-- navigator-link  -->
                </li>
                <li>
                  <a href="#" class="navigator-link " panel-name="chronological-nopCommerce_Test_Suite">
                    <span>Chronological view</span>
                  </a> <!-- navigator-link  -->
                </li>
              </ul>
            </div> <!-- suite-section-content -->
            <div class="result-section">
              <div class="suite-section-title">
                <span>Results</span>
              </div> <!-- suite-section-title -->
              <div class="suite-section-content">
                <ul>
                  <li>
                    <span class="method-stats">11 methods, 4 failed,  2 skipped,  5 passed</span>
                  </li>
                  <li>
                    <span class="method-list-title failed">Failed methods</span>
                    <span class="show-or-hide-methods failed">
                      <a href="#" panel-name="suite-nopCommerce_Test_Suite" class="hide-methods failed suite-nopCommerce_Test_Suite"> (hide)</a> <!-- hide-methods failed suite-nopCommerce_Test_Suite -->
                      <a href="#" panel-name="suite-nopCommerce_Test_Suite" class="show-methods failed suite-nopCommerce_Test_Suite"> (show)</a> <!-- show-methods failed suite-nopCommerce_Test_Suite -->
                    </span>
                    <div class="method-list-content failed suite-nopCommerce_Test_Suite">
                      <span>
                        <img width="3%" src="failed.png"/>
                        <a href="#" class="method navigator-link" panel-name="suite-nopCommerce_Test_Suite" title="org.apache.maven.archetypes.nopcommerceApp.ClearAllProductsTest" hash-for-method="test_IfAllTheChosenProductsCanBeDeletedWhenPressingDeleteButton">test_IfAllTheChosenProductsCanBeDeletedWhenPressingDeleteButton</a> <!-- method navigator-link -->
                      </span>
                      <br/>
                      <span>
                        <img width="3%" src="failed.png"/>
                        <a href="#" class="method navigator-link" panel-name="suite-nopCommerce_Test_Suite" title="org.apache.maven.archetypes.nopcommerceApp.TestDeleteSearchedProduct" hash-for-method="test_IfSearchedProductWasDeletedAfterPressingDeleteButton">test_IfSearchedProductWasDeletedAfterPressingDeleteButton</a> <!-- method navigator-link -->
                      </span>
                      <br/>
                      <span>
                        <img width="3%" src="failed.png"/>
                        <a href="#" class="method navigator-link" panel-name="suite-nopCommerce_Test_Suite" title="org.apache.maven.archetypes.nopcommerceApp.TestEditSearchedProduct" hash-for-method="test_ifTheSearchedProductUpdatedAfterEditing">test_ifTheSearchedProductUpdatedAfterEditing</a> <!-- method navigator-link -->
                      </span>
                      <br/>
                      <span>
                        <img width="3%" src="failed.png"/>
                        <a href="#" class="method navigator-link" panel-name="suite-nopCommerce_Test_Suite" title="org.apache.maven.archetypes.nopcommerceApp.TestSearchProductByName" hash-for-method="test_searchByProductName">test_searchByProductName</a> <!-- method navigator-link -->
                      </span>
                      <br/>
                    </div> <!-- method-list-content failed suite-nopCommerce_Test_Suite -->
                  </li>
                  <li>
                    <span class="method-list-title skipped">Skipped methods</span>
                    <span class="show-or-hide-methods skipped">
                      <a href="#" panel-name="suite-nopCommerce_Test_Suite" class="hide-methods skipped suite-nopCommerce_Test_Suite"> (hide)</a> <!-- hide-methods skipped suite-nopCommerce_Test_Suite -->
                      <a href="#" panel-name="suite-nopCommerce_Test_Suite" class="show-methods skipped suite-nopCommerce_Test_Suite"> (show)</a> <!-- show-methods skipped suite-nopCommerce_Test_Suite -->
                    </span>
                    <div class="method-list-content skipped suite-nopCommerce_Test_Suite">
                      <span>
                        <img width="3%" src="skipped.png"/>
                        <a href="#" class="method navigator-link" panel-name="suite-nopCommerce_Test_Suite" title="org.apache.maven.archetypes.nopcommerceApp.TestAddProduct" hash-for-method="test_AddProduct">test_AddProduct</a> <!-- method navigator-link -->
                      </span>
                      <br/>
                      <span>
                        <img width="3%" src="skipped.png"/>
                        <a href="#" class="method navigator-link" panel-name="suite-nopCommerce_Test_Suite" title="org.apache.maven.archetypes.nopcommerceApp.TestSearchProductByType" hash-for-method="test_searchProductByType">test_searchProductByType</a> <!-- method navigator-link -->
                      </span>
                      <br/>
                    </div> <!-- method-list-content skipped suite-nopCommerce_Test_Suite -->
                  </li>
                  <li>
                    <span class="method-list-title passed">Passed methods</span>
                    <span class="show-or-hide-methods passed">
                      <a href="#" panel-name="suite-nopCommerce_Test_Suite" class="hide-methods passed suite-nopCommerce_Test_Suite"> (hide)</a> <!-- hide-methods passed suite-nopCommerce_Test_Suite -->
                      <a href="#" panel-name="suite-nopCommerce_Test_Suite" class="show-methods passed suite-nopCommerce_Test_Suite"> (show)</a> <!-- show-methods passed suite-nopCommerce_Test_Suite -->
                    </span>
                    <div class="method-list-content passed suite-nopCommerce_Test_Suite">
                      <span>
                        <img width="3%" src="passed.png"/>
                        <a href="#" class="method navigator-link" panel-name="suite-nopCommerce_Test_Suite" title="org.apache.maven.archetypes.nopcommerceApp.DDTestLogin" hash-for-method="ddt_test_login(adm@yourstore.com,adm,Fail)">ddt_test_login(adm@yourstore.com,adm,Fail)</a> <!-- method navigator-link -->
                      </span>
                      <br/>
                      <span>
                        <img width="3%" src="passed.png"/>
                        <a href="#" class="method navigator-link" panel-name="suite-nopCommerce_Test_Suite" title="org.apache.maven.archetypes.nopcommerceApp.DDTestLogin" hash-for-method="ddt_test_login(admin@yourstore.com,admin,Pass)">ddt_test_login(admin@yourstore.com,admin,Pass)</a> <!-- method navigator-link -->
                      </span>
                      <br/>
                      <span>
                        <img width="3%" src="passed.png"/>
                        <a href="#" class="method navigator-link" panel-name="suite-nopCommerce_Test_Suite" title="org.apache.maven.archetypes.nopcommerceApp.DDTestLogin" hash-for-method="ddt_test_login(admin@yourstore.com,adm,Fail)">ddt_test_login(admin@yourstore.com,adm,Fail)</a> <!-- method navigator-link -->
                      </span>
                      <br/>
                      <span>
                        <img width="3%" src="passed.png"/>
                        <a href="#" class="method navigator-link" panel-name="suite-nopCommerce_Test_Suite" title="org.apache.maven.archetypes.nopcommerceApp.DDTestLogin" hash-for-method="ddt_test_login(adm@yourstore.com,admin,Fail)">ddt_test_login(adm@yourstore.com,admin,Fail)</a> <!-- method navigator-link -->
                      </span>
                      <br/>
                      <span>
                        <img width="3%" src="passed.png"/>
                        <a href="#" class="method navigator-link" panel-name="suite-nopCommerce_Test_Suite" title="org.apache.maven.archetypes.nopcommerceApp.TestLogin" hash-for-method="test_login">test_login</a> <!-- method navigator-link -->
                      </span>
                      <br/>
                    </div> <!-- method-list-content passed suite-nopCommerce_Test_Suite -->
                  </li>
                </ul>
              </div> <!-- suite-section-content -->
            </div> <!-- result-section -->
          </div> <!-- navigator-suite-content -->
        </div> <!-- rounded-window -->
      </div> <!-- suite -->
    </div> <!-- navigator-root -->
    <div class="wrapper">
      <div class="main-panel-root">
        <div panel-name="suite-nopCommerce_Test_Suite" class="panel nopCommerce_Test_Suite">
          <div class="suite-nopCommerce_Test_Suite-class-failed">
            <div class="main-panel-header rounded-window-top">
              <img src="failed.png"/>
              <span class="class-name">org.apache.maven.archetypes.nopcommerceApp.TestDeleteSearchedProduct</span>
            </div> <!-- main-panel-header rounded-window-top -->
            <div class="main-panel-content rounded-window-bottom">
              <div class="method">
                <div class="method-content">
                  <a name="test_IfSearchedProductWasDeletedAfterPressingDeleteButton">
                  </a> <!-- test_IfSearchedProductWasDeletedAfterPressingDeleteButton -->
                  <span class="method-name">test_IfSearchedProductWasDeletedAfterPressingDeleteButton</span>
                  <div class="stack-trace">org.openqa.selenium.TimeoutException: Expected condition failed: waiting for element to be clickable: [[ChromeDriver: chrome on WINDOWS (beeba0c540dbcc190689eed2eb2bf454)] -&gt; xpath: //span[@class=&apos;menu-item-title&apos;][text()=&apos;Products&apos;]] (tried for 15 second(s) with 500 milliseconds interval)
Build info: version: &apos;3.141.59&apos;, revision: &apos;e82be7d358&apos;, time: &apos;2018-11-14T08:17:03&apos;
System info: host: &apos;DESKTOP-M2RIIBP&apos;, ip: &apos;10.0.0.5&apos;, os.name: &apos;Windows 10&apos;, os.arch: &apos;amd64&apos;, os.version: &apos;10.0&apos;, java.version: &apos;1.8.0_261&apos;
Driver info: org.openqa.selenium.chrome.ChromeDriver
Capabilities {acceptInsecureCerts: false, browserName: chrome, browserVersion: 87.0.4280.88, chrome: {chromedriverVersion: 86.0.4240.22 (398b0743353ff..., userDataDir: C:\Users\edisa\AppData\Loca...}, goog:chromeOptions: {debuggerAddress: localhost:52022}, javascriptEnabled: true, networkConnectionEnabled: false, pageLoadStrategy: normal, platform: WINDOWS, platformName: WINDOWS, proxy: Proxy(), setWindowRect: true, strictFileInteractability: false, timeouts: {implicit: 0, pageLoad: 300000, script: 30000}, unhandledPromptBehavior: dismiss and notify, webauthn:virtualAuthenticators: true}
Session ID: beeba0c540dbcc190689eed2eb2bf454
	at org.openqa.selenium.support.ui.WebDriverWait.timeoutException(WebDriverWait.java:95)
	at org.openqa.selenium.support.ui.FluentWait.until(FluentWait.java:272)
	at pageObjects.SearchProduct.clickLnkProducts(SearchProduct.java:107)
	at org.apache.maven.archetypes.nopcommerceApp.TestDeleteSearchedProduct.test_IfSearchedProductWasDeletedAfterPressingDeleteButton(TestDeleteSearchedProduct.java:26)
	at java.util.ArrayList.forEach(Unknown Source)
... Removed 27 stack frames
</div> <!-- stack-trace -->
                </div> <!-- method-content -->
              </div> <!-- method -->
            </div> <!-- main-panel-content rounded-window-bottom -->
          </div> <!-- suite-nopCommerce_Test_Suite-class-failed -->
          <div class="suite-nopCommerce_Test_Suite-class-failed">
            <div class="main-panel-header rounded-window-top">
              <img src="failed.png"/>
              <span class="class-name">org.apache.maven.archetypes.nopcommerceApp.ClearAllProductsTest</span>
            </div> <!-- main-panel-header rounded-window-top -->
            <div class="main-panel-content rounded-window-bottom">
              <div class="method">
                <div class="method-content">
                  <a name="test_IfAllTheChosenProductsCanBeDeletedWhenPressingDeleteButton">
                  </a> <!-- test_IfAllTheChosenProductsCanBeDeletedWhenPressingDeleteButton -->
                  <span class="method-name">test_IfAllTheChosenProductsCanBeDeletedWhenPressingDeleteButton</span>
                  <div class="stack-trace">org.openqa.selenium.TimeoutException: Expected condition failed: waiting for element to be clickable: [[ChromeDriver: chrome on WINDOWS (1256fca7aa89ba083ce8b14e708e8092)] -&gt; xpath: //span[@class=&apos;menu-item-title&apos;][text()=&apos;Products&apos;]] (tried for 15 second(s) with 500 milliseconds interval)
Build info: version: &apos;3.141.59&apos;, revision: &apos;e82be7d358&apos;, time: &apos;2018-11-14T08:17:03&apos;
System info: host: &apos;DESKTOP-M2RIIBP&apos;, ip: &apos;10.0.0.5&apos;, os.name: &apos;Windows 10&apos;, os.arch: &apos;amd64&apos;, os.version: &apos;10.0&apos;, java.version: &apos;1.8.0_261&apos;
Driver info: org.openqa.selenium.chrome.ChromeDriver
Capabilities {acceptInsecureCerts: false, browserName: chrome, browserVersion: 87.0.4280.88, chrome: {chromedriverVersion: 86.0.4240.22 (398b0743353ff..., userDataDir: C:\Users\edisa\AppData\Loca...}, goog:chromeOptions: {debuggerAddress: localhost:52050}, javascriptEnabled: true, networkConnectionEnabled: false, pageLoadStrategy: normal, platform: WINDOWS, platformName: WINDOWS, proxy: Proxy(), setWindowRect: true, strictFileInteractability: false, timeouts: {implicit: 0, pageLoad: 300000, script: 30000}, unhandledPromptBehavior: dismiss and notify, webauthn:virtualAuthenticators: true}
Session ID: 1256fca7aa89ba083ce8b14e708e8092
	at org.openqa.selenium.support.ui.WebDriverWait.timeoutException(WebDriverWait.java:95)
	at org.openqa.selenium.support.ui.FluentWait.until(FluentWait.java:272)
	at pageObjects.SearchProduct.clickLnkProducts(SearchProduct.java:107)
	at org.apache.maven.archetypes.nopcommerceApp.ClearAllProductsTest.test_IfAllTheChosenProductsCanBeDeletedWhenPressingDeleteButton(ClearAllProductsTest.java:25)
	at java.util.ArrayList.forEach(Unknown Source)
... Removed 27 stack frames
</div> <!-- stack-trace -->
                </div> <!-- method-content -->
              </div> <!-- method -->
            </div> <!-- main-panel-content rounded-window-bottom -->
          </div> <!-- suite-nopCommerce_Test_Suite-class-failed -->
          <div class="suite-nopCommerce_Test_Suite-class-failed">
            <div class="main-panel-header rounded-window-top">
              <img src="failed.png"/>
              <span class="class-name">org.apache.maven.archetypes.nopcommerceApp.TestSearchProductByName</span>
            </div> <!-- main-panel-header rounded-window-top -->
            <div class="main-panel-content rounded-window-bottom">
              <div class="method">
                <div class="method-content">
                  <a name="test_searchByProductName">
                  </a> <!-- test_searchByProductName -->
                  <span class="method-name">test_searchByProductName</span>
                  <div class="stack-trace">org.openqa.selenium.TimeoutException: timeout: Timed out receiving message from renderer: 10.000
  (Session info: chrome=87.0.4280.88)
Build info: version: &apos;3.141.59&apos;, revision: &apos;e82be7d358&apos;, time: &apos;2018-11-14T08:17:03&apos;
System info: host: &apos;DESKTOP-M2RIIBP&apos;, ip: &apos;10.0.0.5&apos;, os.name: &apos;Windows 10&apos;, os.arch: &apos;amd64&apos;, os.version: &apos;10.0&apos;, java.version: &apos;1.8.0_261&apos;
Driver info: org.openqa.selenium.chrome.ChromeDriver
Capabilities {acceptInsecureCerts: false, browserName: chrome, browserVersion: 87.0.4280.88, chrome: {chromedriverVersion: 86.0.4240.22 (398b0743353ff..., userDataDir: C:\Users\edisa\AppData\Loca...}, goog:chromeOptions: {debuggerAddress: localhost:51919}, javascriptEnabled: true, networkConnectionEnabled: false, pageLoadStrategy: normal, platform: WINDOWS, platformName: WINDOWS, proxy: Proxy(), setWindowRect: true, strictFileInteractability: false, timeouts: {implicit: 0, pageLoad: 300000, script: 30000}, unhandledPromptBehavior: dismiss and notify, webauthn:virtualAuthenticators: true}
Session ID: 4fa640eec810902d1321de23d462d47d
	at org.openqa.selenium.remote.http.W3CHttpResponseCodec.createException(W3CHttpResponseCodec.java:187)
	at org.openqa.selenium.remote.http.W3CHttpResponseCodec.decode(W3CHttpResponseCodec.java:122)
	at org.openqa.selenium.remote.http.W3CHttpResponseCodec.decode(W3CHttpResponseCodec.java:49)
	at org.openqa.selenium.remote.HttpCommandExecutor.execute(HttpCommandExecutor.java:158)
	at org.openqa.selenium.remote.service.DriverCommandExecutor.execute(DriverCommandExecutor.java:83)
	at org.openqa.selenium.remote.RemoteWebDriver.execute(RemoteWebDriver.java:552)
	at org.openqa.selenium.remote.RemoteWebDriver.execute(RemoteWebDriver.java:609)
	at org.openqa.selenium.remote.RemoteWebDriver.getScreenshotAs(RemoteWebDriver.java:295)
	at org.apache.maven.archetypes.nopcommerceApp.TestBase.captureScreen(TestBase.java:78)
	at org.apache.maven.archetypes.nopcommerceApp.TestSearchProductByName.test_searchByProductName(TestSearchProductByName.java:38)
	at java.util.ArrayList.forEach(Unknown Source)
... Removed 31 stack frames
</div> <!-- stack-trace -->
                </div> <!-- method-content -->
              </div> <!-- method -->
            </div> <!-- main-panel-content rounded-window-bottom -->
          </div> <!-- suite-nopCommerce_Test_Suite-class-failed -->
          <div class="suite-nopCommerce_Test_Suite-class-failed">
            <div class="main-panel-header rounded-window-top">
              <img src="failed.png"/>
              <span class="class-name">org.apache.maven.archetypes.nopcommerceApp.TestEditSearchedProduct</span>
            </div> <!-- main-panel-header rounded-window-top -->
            <div class="main-panel-content rounded-window-bottom">
              <div class="method">
                <div class="method-content">
                  <a name="test_ifTheSearchedProductUpdatedAfterEditing">
                  </a> <!-- test_ifTheSearchedProductUpdatedAfterEditing -->
                  <span class="method-name">test_ifTheSearchedProductUpdatedAfterEditing</span>
                  <div class="stack-trace">org.openqa.selenium.TimeoutException: Expected condition failed: waiting for element to be clickable: [[ChromeDriver: chrome on WINDOWS (4d278b61068a31cdc5eff38ad6787492)] -&gt; xpath: //span[@class=&apos;menu-item-title&apos;][text()=&apos;Products&apos;]] (tried for 15 second(s) with 500 milliseconds interval)
Build info: version: &apos;3.141.59&apos;, revision: &apos;e82be7d358&apos;, time: &apos;2018-11-14T08:17:03&apos;
System info: host: &apos;DESKTOP-M2RIIBP&apos;, ip: &apos;10.0.0.5&apos;, os.name: &apos;Windows 10&apos;, os.arch: &apos;amd64&apos;, os.version: &apos;10.0&apos;, java.version: &apos;1.8.0_261&apos;
Driver info: org.openqa.selenium.chrome.ChromeDriver
Capabilities {acceptInsecureCerts: false, browserName: chrome, browserVersion: 87.0.4280.88, chrome: {chromedriverVersion: 86.0.4240.22 (398b0743353ff..., userDataDir: C:\Users\edisa\AppData\Loca...}, goog:chromeOptions: {debuggerAddress: localhost:51996}, javascriptEnabled: true, networkConnectionEnabled: false, pageLoadStrategy: normal, platform: WINDOWS, platformName: WINDOWS, proxy: Proxy(), setWindowRect: true, strictFileInteractability: false, timeouts: {implicit: 0, pageLoad: 300000, script: 30000}, unhandledPromptBehavior: dismiss and notify, webauthn:virtualAuthenticators: true}
Session ID: 4d278b61068a31cdc5eff38ad6787492
	at org.openqa.selenium.support.ui.WebDriverWait.timeoutException(WebDriverWait.java:95)
	at org.openqa.selenium.support.ui.FluentWait.until(FluentWait.java:272)
	at pageObjects.SearchProduct.clickLnkProducts(SearchProduct.java:107)
	at org.apache.maven.archetypes.nopcommerceApp.TestEditSearchedProduct.test_ifTheSearchedProductUpdatedAfterEditing(TestEditSearchedProduct.java:29)
	at java.util.ArrayList.forEach(Unknown Source)
... Removed 27 stack frames
</div> <!-- stack-trace -->
                </div> <!-- method-content -->
              </div> <!-- method -->
            </div> <!-- main-panel-content rounded-window-bottom -->
          </div> <!-- suite-nopCommerce_Test_Suite-class-failed -->
          <div class="suite-nopCommerce_Test_Suite-class-skipped">
            <div class="main-panel-header rounded-window-top">
              <img src="skipped.png"/>
              <span class="class-name">org.apache.maven.archetypes.nopcommerceApp.TestSearchProductByType</span>
            </div> <!-- main-panel-header rounded-window-top -->
            <div class="main-panel-content rounded-window-bottom">
              <div class="method">
                <div class="method-content">
                  <a name="test_searchProductByType">
                  </a> <!-- test_searchProductByType -->
                  <span class="method-name">test_searchProductByType</span>
                  <div class="stack-trace">org.openqa.selenium.TimeoutException: Expected condition failed: waiting for element to be clickable: [[ChromeDriver: chrome on WINDOWS (adffcda62787b71ef986ef98a5379c72)] -&gt; xpath: //span[@class=&apos;menu-item-title&apos;][text()=&apos;Products&apos;]] (tried for 15 second(s) with 500 milliseconds interval)
Build info: version: &apos;3.141.59&apos;, revision: &apos;e82be7d358&apos;, time: &apos;2018-11-14T08:17:03&apos;
System info: host: &apos;DESKTOP-M2RIIBP&apos;, ip: &apos;10.0.0.5&apos;, os.name: &apos;Windows 10&apos;, os.arch: &apos;amd64&apos;, os.version: &apos;10.0&apos;, java.version: &apos;1.8.0_261&apos;
Driver info: org.openqa.selenium.chrome.ChromeDriver
Capabilities {acceptInsecureCerts: false, browserName: chrome, browserVersion: 87.0.4280.88, chrome: {chromedriverVersion: 86.0.4240.22 (398b0743353ff..., userDataDir: C:\Users\edisa\AppData\Loca...}, goog:chromeOptions: {debuggerAddress: localhost:51977}, javascriptEnabled: true, networkConnectionEnabled: false, pageLoadStrategy: normal, platform: WINDOWS, platformName: WINDOWS, proxy: Proxy(), setWindowRect: true, strictFileInteractability: false, timeouts: {implicit: 0, pageLoad: 300000, script: 30000}, unhandledPromptBehavior: dismiss and notify, webauthn:virtualAuthenticators: true}
Session ID: adffcda62787b71ef986ef98a5379c72
	at org.openqa.selenium.support.ui.WebDriverWait.timeoutException(WebDriverWait.java:95)
	at org.openqa.selenium.support.ui.FluentWait.until(FluentWait.java:272)
	at pageObjects.SearchProduct.clickLnkProducts(SearchProduct.java:107)
	at org.apache.maven.archetypes.nopcommerceApp.TestSearchProductByType.beforeClass(TestSearchProductByType.java:63)
	at java.util.ArrayList.forEach(Unknown Source)
... Removed 25 stack frames
</div> <!-- stack-trace -->
                </div> <!-- method-content -->
              </div> <!-- method -->
            </div> <!-- main-panel-content rounded-window-bottom -->
          </div> <!-- suite-nopCommerce_Test_Suite-class-skipped -->
          <div class="suite-nopCommerce_Test_Suite-class-skipped">
            <div class="main-panel-header rounded-window-top">
              <img src="skipped.png"/>
              <span class="class-name">org.apache.maven.archetypes.nopcommerceApp.TestAddProduct</span>
            </div> <!-- main-panel-header rounded-window-top -->
            <div class="main-panel-content rounded-window-bottom">
              <div class="method">
                <div class="method-content">
                  <a name="test_AddProduct">
                  </a> <!-- test_AddProduct -->
                  <span class="method-name">test_AddProduct</span>
                  <div class="stack-trace">org.openqa.selenium.TimeoutException: Expected condition failed: waiting for element to be clickable: [[ChromeDriver: chrome on WINDOWS (158bb8a968c8be0c9fe416bd4ed37f56)] -&gt; xpath: //span[@class=&apos;menu-item-title&apos;][text()=&apos;Products&apos;]] (tried for 15 second(s) with 500 milliseconds interval)
Build info: version: &apos;3.141.59&apos;, revision: &apos;e82be7d358&apos;, time: &apos;2018-11-14T08:17:03&apos;
System info: host: &apos;DESKTOP-M2RIIBP&apos;, ip: &apos;10.0.0.5&apos;, os.name: &apos;Windows 10&apos;, os.arch: &apos;amd64&apos;, os.version: &apos;10.0&apos;, java.version: &apos;1.8.0_261&apos;
Driver info: org.openqa.selenium.chrome.ChromeDriver
Capabilities {acceptInsecureCerts: false, browserName: chrome, browserVersion: 87.0.4280.88, chrome: {chromedriverVersion: 86.0.4240.22 (398b0743353ff..., userDataDir: C:\Users\edisa\AppData\Loca...}, goog:chromeOptions: {debuggerAddress: localhost:51896}, javascriptEnabled: true, networkConnectionEnabled: false, pageLoadStrategy: normal, platform: WINDOWS, platformName: WINDOWS, proxy: Proxy(), setWindowRect: true, strictFileInteractability: false, timeouts: {implicit: 0, pageLoad: 300000, script: 30000}, unhandledPromptBehavior: dismiss and notify, webauthn:virtualAuthenticators: true}
Session ID: 158bb8a968c8be0c9fe416bd4ed37f56
	at org.openqa.selenium.support.ui.WebDriverWait.timeoutException(WebDriverWait.java:95)
	at org.openqa.selenium.support.ui.FluentWait.until(FluentWait.java:272)
	at pageObjects.AddProduct.clickLnkProducts(AddProduct.java:130)
	at org.apache.maven.archetypes.nopcommerceApp.TestAddProduct.beforeMethod(TestAddProduct.java:118)
	at java.util.ArrayList.forEach(Unknown Source)
... Removed 31 stack frames
</div> <!-- stack-trace -->
                </div> <!-- method-content -->
              </div> <!-- method -->
            </div> <!-- main-panel-content rounded-window-bottom -->
          </div> <!-- suite-nopCommerce_Test_Suite-class-skipped -->
          <div class="suite-nopCommerce_Test_Suite-class-passed">
            <div class="main-panel-header rounded-window-top">
              <img src="passed.png"/>
              <span class="class-name">org.apache.maven.archetypes.nopcommerceApp.TestLogin</span>
            </div> <!-- main-panel-header rounded-window-top -->
            <div class="main-panel-content rounded-window-bottom">
              <div class="method">
                <div class="method-content">
                  <a name="test_login">
                  </a> <!-- test_login -->
                  <span class="method-name">test_login</span>
                </div> <!-- method-content -->
              </div> <!-- method -->
            </div> <!-- main-panel-content rounded-window-bottom -->
          </div> <!-- suite-nopCommerce_Test_Suite-class-passed -->
          <div class="suite-nopCommerce_Test_Suite-class-passed">
            <div class="main-panel-header rounded-window-top">
              <img src="passed.png"/>
              <span class="class-name">org.apache.maven.archetypes.nopcommerceApp.DDTestLogin</span>
            </div> <!-- main-panel-header rounded-window-top -->
            <div class="main-panel-content rounded-window-bottom">
              <div class="method">
                <div class="method-content">
                  <a name="ddt_test_login(adm@yourstore.com,adm,Fail)">
                  </a> <!-- ddt_test_login(adm@yourstore.com,adm,Fail) -->
                  <span class="method-name">ddt_test_login</span>
                  <span class="parameters">(adm@yourstore.com,adm,Fail)</span>
                </div> <!-- method-content -->
              </div> <!-- method -->
              <div class="method">
                <div class="method-content">
                  <a name="ddt_test_login(admin@yourstore.com,admin,Pass)">
                  </a> <!-- ddt_test_login(admin@yourstore.com,admin,Pass) -->
                  <span class="method-name">ddt_test_login</span>
                  <span class="parameters">(admin@yourstore.com,admin,Pass)</span>
                </div> <!-- method-content -->
              </div> <!-- method -->
              <div class="method">
                <div class="method-content">
                  <a name="ddt_test_login(admin@yourstore.com,adm,Fail)">
                  </a> <!-- ddt_test_login(admin@yourstore.com,adm,Fail) -->
                  <span class="method-name">ddt_test_login</span>
                  <span class="parameters">(admin@yourstore.com,adm,Fail)</span>
                </div> <!-- method-content -->
              </div> <!-- method -->
              <div class="method">
                <div class="method-content">
                  <a name="ddt_test_login(adm@yourstore.com,admin,Fail)">
                  </a> <!-- ddt_test_login(adm@yourstore.com,admin,Fail) -->
                  <span class="method-name">ddt_test_login</span>
                  <span class="parameters">(adm@yourstore.com,admin,Fail)</span>
                </div> <!-- method-content -->
              </div> <!-- method -->
            </div> <!-- main-panel-content rounded-window-bottom -->
          </div> <!-- suite-nopCommerce_Test_Suite-class-passed -->
        </div> <!-- panel nopCommerce_Test_Suite -->
        <div panel-name="test-xml-nopCommerce_Test_Suite" class="panel">
          <div class="main-panel-header rounded-window-top">
            <span class="header-content">D:\Programming Languages\Java\nopcommerceApp\testng.xml</span>
          </div> <!-- main-panel-header rounded-window-top -->
          <div class="main-panel-content rounded-window-bottom">
            <pre>
&lt;?xml version=&quot;1.0&quot; encoding=&quot;UTF-8&quot;?&gt;
&lt;!DOCTYPE suite SYSTEM &quot;https://testng.org/testng-1.0.dtd&quot;&gt;
&lt;suite guice-stage=&quot;DEVELOPMENT&quot; name=&quot;nopCommerce Test Suite&quot;&gt;
  &lt;listeners&gt;
    &lt;listener class-name=&quot;utilities.Reporting&quot;/&gt;
  &lt;/listeners&gt;
  &lt;test thread-count=&quot;5&quot; name=&quot;Login Tests&quot;&gt;
    &lt;parameter name=&quot;browser&quot; value=&quot;firefox&quot;/&gt;
    &lt;classes&gt;
      &lt;class name=&quot;org.apache.maven.archetypes.nopcommerceApp.TestLogin&quot;/&gt;
      &lt;class name=&quot;org.apache.maven.archetypes.nopcommerceApp.DDTestLogin&quot;/&gt;
    &lt;/classes&gt;
  &lt;/test&gt; &lt;!-- Login Tests --&gt;
  &lt;test thread-count=&quot;5&quot; name=&quot;Products Tests&quot;&gt;
    &lt;parameter name=&quot;browser&quot; value=&quot;chrome&quot;/&gt;
    &lt;classes&gt;
      &lt;class name=&quot;org.apache.maven.archetypes.nopcommerceApp.TestAddProduct&quot;/&gt;
      &lt;class name=&quot;org.apache.maven.archetypes.nopcommerceApp.TestSearchProductByName&quot;/&gt;
      &lt;class name=&quot;org.apache.maven.archetypes.nopcommerceApp.TestSearchProductByType&quot;/&gt;
      &lt;class name=&quot;org.apache.maven.archetypes.nopcommerceApp.TestEditSearchedProduct&quot;/&gt;
      &lt;class name=&quot;org.apache.maven.archetypes.nopcommerceApp.TestDeleteSearchedProduct&quot;/&gt;
      &lt;class name=&quot;org.apache.maven.archetypes.nopcommerceApp.ClearAllProductsTest&quot;/&gt;
    &lt;/classes&gt;
  &lt;/test&gt; &lt;!-- Products Tests --&gt;
&lt;/suite&gt; &lt;!-- nopCommerce Test Suite --&gt;
            </pre>
          </div> <!-- main-panel-content rounded-window-bottom -->
        </div> <!-- panel -->
        <div panel-name="testlist-nopCommerce_Test_Suite" class="panel">
          <div class="main-panel-header rounded-window-top">
            <span class="header-content">Tests for nopCommerce Test Suite</span>
          </div> <!-- main-panel-header rounded-window-top -->
          <div class="main-panel-content rounded-window-bottom">
            <ul>
              <li>
                <span class="test-name">Login Tests (2 classes)</span>
              </li>
              <li>
                <span class="test-name">Products Tests (6 classes)</span>
              </li>
            </ul>
          </div> <!-- main-panel-content rounded-window-bottom -->
        </div> <!-- panel -->
        <div panel-name="group-nopCommerce_Test_Suite" class="panel">
          <div class="main-panel-header rounded-window-top">
            <span class="header-content">Groups for nopCommerce Test Suite</span>
          </div> <!-- main-panel-header rounded-window-top -->
          <div class="main-panel-content rounded-window-bottom">
          </div> <!-- main-panel-content rounded-window-bottom -->
        </div> <!-- panel -->
        <div panel-name="times-nopCommerce_Test_Suite" class="panel">
          <div class="main-panel-header rounded-window-top">
            <span class="header-content">Times for nopCommerce Test Suite</span>
          </div> <!-- main-panel-header rounded-window-top -->
          <div class="main-panel-content rounded-window-bottom">
            <div class="times-div">
              <script type="text/javascript">
suiteTableInitFunctions.push('tableData_nopCommerce_Test_Suite');
function tableData_nopCommerce_Test_Suite() {
var data = new google.visualization.DataTable();
data.addColumn('number', 'Number');
data.addColumn('string', 'Method');
data.addColumn('string', 'Class');
data.addColumn('number', 'Time (ms)');
data.addRows(11);
data.setCell(0, 0, 0)
data.setCell(0, 1, 'test_searchByProductName')
data.setCell(0, 2, 'org.apache.maven.archetypes.nopcommerceApp.TestSearchProductByName')
data.setCell(0, 3, 75689);
data.setCell(1, 0, 1)
data.setCell(1, 1, 'test_IfAllTheChosenProductsCanBeDeletedWhenPressingDeleteButton')
data.setCell(1, 2, 'org.apache.maven.archetypes.nopcommerceApp.ClearAllProductsTest')
data.setCell(1, 3, 15604);
data.setCell(2, 0, 2)
data.setCell(2, 1, 'test_ifTheSearchedProductUpdatedAfterEditing')
data.setCell(2, 2, 'org.apache.maven.archetypes.nopcommerceApp.TestEditSearchedProduct')
data.setCell(2, 3, 15575);
data.setCell(3, 0, 3)
data.setCell(3, 1, 'test_IfSearchedProductWasDeletedAfterPressingDeleteButton')
data.setCell(3, 2, 'org.apache.maven.archetypes.nopcommerceApp.TestDeleteSearchedProduct')
data.setCell(3, 3, 15469);
data.setCell(4, 0, 4)
data.setCell(4, 1, 'ddt_test_login')
data.setCell(4, 2, 'org.apache.maven.archetypes.nopcommerceApp.DDTestLogin')
data.setCell(4, 3, 6076);
data.setCell(5, 0, 5)
data.setCell(5, 1, 'ddt_test_login')
data.setCell(5, 2, 'org.apache.maven.archetypes.nopcommerceApp.DDTestLogin')
data.setCell(5, 3, 540);
data.setCell(6, 0, 6)
data.setCell(6, 1, 'ddt_test_login')
data.setCell(6, 2, 'org.apache.maven.archetypes.nopcommerceApp.DDTestLogin')
data.setCell(6, 3, 525);
data.setCell(7, 0, 7)
data.setCell(7, 1, 'ddt_test_login')
data.setCell(7, 2, 'org.apache.maven.archetypes.nopcommerceApp.DDTestLogin')
data.setCell(7, 3, 496);
data.setCell(8, 0, 8)
data.setCell(8, 1, 'test_login')
data.setCell(8, 2, 'org.apache.maven.archetypes.nopcommerceApp.TestLogin')
data.setCell(8, 3, 7);
data.setCell(9, 0, 9)
data.setCell(9, 1, 'test_searchProductByType')
data.setCell(9, 2, 'org.apache.maven.archetypes.nopcommerceApp.TestSearchProductByType')
data.setCell(9, 3, 0);
data.setCell(10, 0, 10)
data.setCell(10, 1, 'test_AddProduct')
data.setCell(10, 2, 'org.apache.maven.archetypes.nopcommerceApp.TestAddProduct')
data.setCell(10, 3, 0);
window.suiteTableData['nopCommerce_Test_Suite']= { tableData: data, tableDiv: 'times-div-nopCommerce_Test_Suite'}
return data;
}
              </script>
              <span class="suite-total-time">Total running time: 2 minutes</span>
              <div id="times-div-nopCommerce_Test_Suite">
              </div> <!-- times-div-nopCommerce_Test_Suite -->
            </div> <!-- times-div -->
          </div> <!-- main-panel-content rounded-window-bottom -->
        </div> <!-- panel -->
        <div panel-name="reporter-nopCommerce_Test_Suite" class="panel">
          <div class="main-panel-header rounded-window-top">
            <span class="header-content">Reporter output for nopCommerce Test Suite</span>
          </div> <!-- main-panel-header rounded-window-top -->
          <div class="main-panel-content rounded-window-bottom">
          </div> <!-- main-panel-content rounded-window-bottom -->
        </div> <!-- panel -->
        <div panel-name="ignored-methods-nopCommerce_Test_Suite" class="panel">
          <div class="main-panel-header rounded-window-top">
            <span class="header-content">0 ignored methods</span>
          </div> <!-- main-panel-header rounded-window-top -->
          <div class="main-panel-content rounded-window-bottom">
          </div> <!-- main-panel-content rounded-window-bottom -->
        </div> <!-- panel -->
        <div panel-name="chronological-nopCommerce_Test_Suite" class="panel">
          <div class="main-panel-header rounded-window-top">
            <span class="header-content">Methods in chronological order</span>
          </div> <!-- main-panel-header rounded-window-top -->
          <div class="main-panel-content rounded-window-bottom">
            <div class="chronological-class">
              <div class="chronological-class-name">org.apache.maven.archetypes.nopcommerceApp.TestLogin</div> <!-- chronological-class-name -->
              <div class="configuration-class before">
                <span class="method-name">setup(firefox)</span>
                <span class="method-start">0 ms</span>
              </div> <!-- configuration-class before -->
              <div class="configuration-method before">
                <span class="method-name">beforeMethod</span>
                <span class="method-start">6517 ms</span>
              </div> <!-- configuration-method before -->
              <div class="test-method">
                <span class="method-name">test_login</span>
                <span class="method-start">10988 ms</span>
              </div> <!-- test-method -->
              <div class="configuration-method after">
                <span class="method-name">afterMethod</span>
                <span class="method-start">11006 ms</span>
              </div> <!-- configuration-method after -->
              <div class="configuration-class after">
                <span class="method-name">tearDown</span>
                <span class="method-start">11007 ms</span>
              </div> <!-- configuration-class after -->
            </div> <!-- chronological-class -->
            <div class="chronological-class">
              <div class="chronological-class-name">org.apache.maven.archetypes.nopcommerceApp.DDTestLogin</div> <!-- chronological-class-name -->
              <div class="configuration-class before">
                <span class="method-name">setup(firefox)</span>
                <span class="method-start">16546 ms</span>
              </div> <!-- configuration-class before -->
              <div class="configuration-method before">
                <span class="method-name">beforeMethod</span>
                <span class="method-start">22339 ms</span>
              </div> <!-- configuration-method before -->
              <div class="test-method">
                <span class="method-name">ddt_test_login(admin@yourstore.com,admin,Pass)</span>
                <span class="method-start">22340 ms</span>
              </div> <!-- test-method -->
              <div class="configuration-method after">
                <span class="method-name">afterMethod</span>
                <span class="method-start">28417 ms</span>
              </div> <!-- configuration-method after -->
              <div class="configuration-method before">
                <span class="method-name">beforeMethod</span>
                <span class="method-start">28418 ms</span>
              </div> <!-- configuration-method before -->
              <div class="test-method">
                <span class="method-name">ddt_test_login(admin@yourstore.com,adm,Fail)</span>
                <span class="method-start">28419 ms</span>
              </div> <!-- test-method -->
              <div class="configuration-method after">
                <span class="method-name">afterMethod</span>
                <span class="method-start">28944 ms</span>
              </div> <!-- configuration-method after -->
              <div class="configuration-method before">
                <span class="method-name">beforeMethod</span>
                <span class="method-start">28945 ms</span>
              </div> <!-- configuration-method before -->
              <div class="test-method">
                <span class="method-name">ddt_test_login(adm@yourstore.com,admin,Fail)</span>
                <span class="method-start">28946 ms</span>
              </div> <!-- test-method -->
              <div class="configuration-method after">
                <span class="method-name">afterMethod</span>
                <span class="method-start">29487 ms</span>
              </div> <!-- configuration-method after -->
              <div class="configuration-method before">
                <span class="method-name">beforeMethod</span>
                <span class="method-start">29488 ms</span>
              </div> <!-- configuration-method before -->
              <div class="test-method">
                <span class="method-name">ddt_test_login(adm@yourstore.com,adm,Fail)</span>
                <span class="method-start">29488 ms</span>
              </div> <!-- test-method -->
              <div class="configuration-method after">
                <span class="method-name">afterMethod</span>
                <span class="method-start">29985 ms</span>
              </div> <!-- configuration-method after -->
              <div class="configuration-class after">
                <span class="method-name">tearDown</span>
                <span class="method-start">29985 ms</span>
              </div> <!-- configuration-class after -->
            </div> <!-- chronological-class -->
            <div class="chronological-class">
              <div class="chronological-class-name">org.apache.maven.archetypes.nopcommerceApp.TestAddProduct</div> <!-- chronological-class-name -->
              <div class="configuration-class before">
                <span class="method-name">setup(chrome)</span>
                <span class="method-start">35709 ms</span>
              </div> <!-- configuration-class before -->
              <div class="configuration-method before">
                <img src="failed.png">
                </img>
                <span class="method-name">beforeMethod</span>
                <span class="method-start">43097 ms</span>
              </div> <!-- configuration-method before -->
              <div class="test-method">
                <span class="method-name">test_AddProduct</span>
                <span class="method-start">62166 ms</span>
              </div> <!-- test-method -->
              <div class="configuration-method after">
                <span class="method-name">afterMethod</span>
                <span class="method-start">62171 ms</span>
              </div> <!-- configuration-method after -->
              <div class="configuration-class after">
                <span class="method-name">tearDown</span>
                <span class="method-start">62172 ms</span>
              </div> <!-- configuration-class after -->
            </div> <!-- chronological-class -->
            <div class="chronological-class">
              <div class="chronological-class-name">org.apache.maven.archetypes.nopcommerceApp.TestSearchProductByName</div> <!-- chronological-class-name -->
              <div class="configuration-class before">
                <span class="method-name">setup(chrome)</span>
                <span class="method-start">62173 ms</span>
              </div> <!-- configuration-class before -->
              <div class="configuration-method before">
                <span class="method-name">beforeMethod</span>
                <span class="method-start">68957 ms</span>
              </div> <!-- configuration-method before -->
              <div class="test-method">
                <img src="failed.png">
                </img>
                <span class="method-name">test_searchByProductName</span>
                <span class="method-start">73582 ms</span>
              </div> <!-- test-method -->
              <div class="configuration-method after">
                <span class="method-name">afterMethod</span>
                <span class="method-start">149273 ms</span>
              </div> <!-- configuration-method after -->
              <div class="configuration-class after">
                <span class="method-name">tearDown</span>
                <span class="method-start">149273 ms</span>
              </div> <!-- configuration-class after -->
            </div> <!-- chronological-class -->
            <div class="chronological-class">
              <div class="chronological-class-name">org.apache.maven.archetypes.nopcommerceApp.TestSearchProductByType</div> <!-- chronological-class-name -->
              <div class="configuration-class before">
                <span class="method-name">setup(chrome)</span>
                <span class="method-start">154892 ms</span>
              </div> <!-- configuration-class before -->
              <div class="configuration-class before">
                <img src="failed.png">
                </img>
                <span class="method-name">beforeClass</span>
                <span class="method-start">165627 ms</span>
              </div> <!-- configuration-class before -->
              <div class="test-method">
                <span class="method-name">test_searchProductByType</span>
                <span class="method-start">185058 ms</span>
              </div> <!-- test-method -->
              <div class="configuration-method after">
                <span class="method-name">afterMethod</span>
                <span class="method-start">185059 ms</span>
              </div> <!-- configuration-method after -->
              <div class="configuration-class after">
                <span class="method-name">tearDown</span>
                <span class="method-start">185060 ms</span>
              </div> <!-- configuration-class after -->
            </div> <!-- chronological-class -->
            <div class="chronological-class">
              <div class="chronological-class-name">org.apache.maven.archetypes.nopcommerceApp.TestEditSearchedProduct</div> <!-- chronological-class-name -->
              <div class="configuration-class before">
                <span class="method-name">setup(chrome)</span>
                <span class="method-start">185060 ms</span>
              </div> <!-- configuration-class before -->
              <div class="configuration-method before">
                <span class="method-name">beforeMethod</span>
                <span class="method-start">193129 ms</span>
              </div> <!-- configuration-method before -->
              <div class="test-method">
                <img src="failed.png">
                </img>
                <span class="method-name">test_ifTheSearchedProductUpdatedAfterEditing</span>
                <span class="method-start">197146 ms</span>
              </div> <!-- test-method -->
              <div class="configuration-method after">
                <span class="method-name">afterMethod</span>
                <span class="method-start">212722 ms</span>
              </div> <!-- configuration-method after -->
              <div class="configuration-class after">
                <span class="method-name">tearDown</span>
                <span class="method-start">212722 ms</span>
              </div> <!-- configuration-class after -->
            </div> <!-- chronological-class -->
            <div class="chronological-class">
              <div class="chronological-class-name">org.apache.maven.archetypes.nopcommerceApp.TestDeleteSearchedProduct</div> <!-- chronological-class-name -->
              <div class="configuration-class before">
                <span class="method-name">setup(chrome)</span>
                <span class="method-start">218352 ms</span>
              </div> <!-- configuration-class before -->
              <div class="configuration-method before">
                <span class="method-name">beforeMethod</span>
                <span class="method-start">227380 ms</span>
              </div> <!-- configuration-method before -->
              <div class="test-method">
                <img src="failed.png">
                </img>
                <span class="method-name">test_IfSearchedProductWasDeletedAfterPressingDeleteButton</span>
                <span class="method-start">232048 ms</span>
              </div> <!-- test-method -->
              <div class="configuration-method after">
                <span class="method-name">afterMethod</span>
                <span class="method-start">247518 ms</span>
              </div> <!-- configuration-method after -->
              <div class="configuration-class after">
                <span class="method-name">tearDown</span>
                <span class="method-start">247520 ms</span>
              </div> <!-- configuration-class after -->
            </div> <!-- chronological-class -->
            <div class="chronological-class">
              <div class="chronological-class-name">org.apache.maven.archetypes.nopcommerceApp.ClearAllProductsTest</div> <!-- chronological-class-name -->
              <div class="configuration-class before">
                <span class="method-name">setup(chrome)</span>
                <span class="method-start">253132 ms</span>
              </div> <!-- configuration-class before -->
              <div class="configuration-method before">
                <span class="method-name">beforeMethod</span>
                <span class="method-start">261210 ms</span>
              </div> <!-- configuration-method before -->
              <div class="test-method">
                <img src="failed.png">
                </img>
                <span class="method-name">test_IfAllTheChosenProductsCanBeDeletedWhenPressingDeleteButton</span>
                <span class="method-start">266440 ms</span>
              </div> <!-- test-method -->
              <div class="configuration-method after">
                <span class="method-name">afterMethod</span>
                <span class="method-start">282045 ms</span>
              </div> <!-- configuration-method after -->
              <div class="configuration-class after">
                <span class="method-name">tearDown</span>
                <span class="method-start">282046 ms</span>
              </div> <!-- configuration-class after -->
          </div> <!-- main-panel-content rounded-window-bottom -->
        </div> <!-- panel -->
      </div> <!-- main-panel-root -->
    </div> <!-- wrapper -->
  </body>
<script type="text/javascript" src="testng-reports2.js"></script>
</html>
